<?xml version="1.0" encoding="UTF-8"?>
<!-- Generated by org.testng.reporters.JUnitReportReporter -->
<testsuite hostname="Samathullah" failures="0" tests="1" name="com.sddevops.Selenium_SMS.NewTest_SMS" time="0.205" errors="0" timestamp="2 Aug 2024 08:08:57 GMT">
  <testcase classname="com.sddevops.Selenium_SMS.NewTest_SMS" name="checkTitle" time="0.205"/>
</testsuite> <!-- com.sddevops.Selenium_SMS.NewTest_SMS -->
